{
    "FunctionName": "hello-cli",
    "FunctionArn": "arn:aws:lambda:us-east-1:192041391972:function:hello-cli",
    "Runtime": "nodejs14.x",
    "Role": "arn:aws:iam::192041391972:role/lambda-exemplo",
    "Handler": "index.handler",
    "CodeSize": 335,
    "Description": "",
    "Timeout": 3,
    "MemorySize": 128,
    "LastModified": "2021-06-17T23:01:32.875+0000",
    "CodeSha256": "cxtvzrhehy+zTISTMLfDu/31cI4oOzdMi8qR8h9DMf8=",
    "Version": "$LATEST",
    "TracingConfig": {
        "Mode": "PassThrough"
    },
    "RevisionId": "cb1af52c-c5cd-4f0e-87a9-1ae4a653b7d3",
    "State": "Active",
    "LastUpdateStatus": "Successful",
    "PackageType": "Zip"
}
